[Mon, 15. Jul 2024 01:49:28 UTC | ID 1085820660456112221] sang29032010: skibidi
[Mon, 15. Jul 2024 01:49:34 UTC | ID 1085820660456112221] sang29032010: skibidi
[Mon, 15. Jul 2024 01:49:38 UTC | ID 1085820660456112221] sang29032010: baobell
[Mon, 15. Jul 2024 01:49:43 UTC | ID 1085820660456112221] sang29032010: baobell
[Mon, 15. Jul 2024 02:18:48 UTC | ID 1204063250464116846] thanhmairap_94289: cái j đây?
[Mon, 15. Jul 2024 02:35:17 UTC | ID 1204063250464116846] thanhmairap_94289: 
[Mon, 15. Jul 2024 02:37:58 UTC | ID 1119948323726565447] kitolord: Skibidi
[Mon, 15. Jul 2024 03:01:05 UTC | ID 1085820660456112221] sang29032010: Bảo bell
[Mon, 15. Jul 2024 03:01:08 UTC | ID 1085820660456112221] sang29032010: Bảo bell
[Mon, 15. Jul 2024 03:01:29 UTC | ID 1085820660456112221] sang29032010: Sao cái playit của m đặc cầu vậy
[Mon, 15. Jul 2024 03:02:13 UTC | ID 1085820660456112221] sang29032010: Sao playit đặc cầu thế
[Mon, 15. Jul 2024 03:02:17 UTC | ID 1085820660456112221] sang29032010: Mé
[Mon, 15. Jul 2024 03:02:18 UTC | ID 1085820660456112221] sang29032010: Đặc cầu thế
[Mon, 15. Jul 2024 03:02:33 UTC | ID 1085820660456112221] sang29032010: Nó hiện liên tục
[Mon, 15. Jul 2024 03:02:45 UTC | ID 1085820660456112221] sang29032010: M tải playit cho linux mà dùng
[Mon, 15. Jul 2024 03:03:02 UTC | ID 1085820660456112221] sang29032010: Mở 2 cái terminal xong mở playit
[Mon, 15. Jul 2024 03:03:21 UTC | ID 1085820660456112221] sang29032010: Chứ cái này có ngày bay ip đấy
[Mon, 15. Jul 2024 03:04:23 UTC | ID 1085820660456112221] sang29032010: Bao bell
[Mon, 15. Jul 2024 03:04:51 UTC | ID 1085820660456112221] sang29032010: /help
[Mon, 15. Jul 2024 03:05:40 UTC | ID 1085820660456112221] sang29032010: Tắt playit đi
[Mon, 15. Jul 2024 03:05:49 UTC | ID 1085820660456112221] sang29032010: Duma
[Mon, 15. Jul 2024 03:06:15 UTC | ID 1085820660456112221] sang29032010: Làm nhà tù đầy nuớc
[Mon, 15. Jul 2024 03:09:08 UTC | ID 1085820660456112221] sang29032010: Địt mẹ playit
[Mon, 15. Jul 2024 03:10:41 UTC | ID 1085820660456112221] sang29032010: Playit nhắn nhiều như cc
[Mon, 15. Jul 2024 03:10:41 UTC | ID 1085820660456112221] sang29032010: Duma
[Mon, 15. Jul 2024 03:12:53 UTC | ID 1085820660456112221] sang29032010: Cặc
[Mon, 15. Jul 2024 03:14:11 UTC | ID 1085820660456112221] sang29032010: Cặc
