[Sun, 14. Jul 2024 11:05:51 UTC | ID 1119948323726565447] kitolord: Huh
[Sun, 14. Jul 2024 11:06:26 UTC | ID 1119948323726565447] kitolord: playit
[Sun, 14. Jul 2024 11:06:35 UTC | ID 1119948323726565447] kitolord: /playit help
[Sun, 14. Jul 2024 11:06:40 UTC | ID 1085820660456112221] sang29032010: Đù
[Sun, 14. Jul 2024 11:06:47 UTC | ID 1119948323726565447] kitolord: :))
[Sun, 14. Jul 2024 11:06:51 UTC | ID 1085820660456112221] sang29032010: Làm cái gì vậy
[Sun, 14. Jul 2024 11:07:07 UTC | ID 1119948323726565447] kitolord: Mày nhắn ở discord ng trong game thấy tn
[Sun, 14. Jul 2024 11:07:16 UTC | ID 1085820660456112221] sang29032010: Ừ
[Sun, 14. Jul 2024 11:07:27 UTC | ID 1085820660456112221] sang29032010: R sv như tnt r
[Sun, 14. Jul 2024 11:29:49 UTC | ID 1119948323726565447] kitolord: Cl
[Sun, 14. Jul 2024 11:30:40 UTC | ID 1085820660456112221] sang29032010: Skibidi
[Sun, 14. Jul 2024 11:30:55 UTC | ID 1085820660456112221] sang29032010: Dom dom yes yes
[Sun, 14. Jul 2024 12:00:38 UTC | ID 1085820660456112221] sang29032010: Skibidi
[Sun, 14. Jul 2024 12:01:03 UTC | ID 1085820660456112221] sang29032010: Sigma
[Sun, 14. Jul 2024 12:01:08 UTC | ID 1085820660456112221] sang29032010: Baot bell
[Sun, 14. Jul 2024 12:01:11 UTC | ID 1085820660456112221] sang29032010: Bảo bell
[Sun, 14. Jul 2024 12:01:36 UTC | ID 1085820660456112221] sang29032010: T bảo thk bảobell mà
[Sun, 14. Jul 2024 12:01:58 UTC | ID 942300357906821150] viemdonut: như cak
[Sun, 14. Jul 2024 12:41:38 UTC | ID 1085820660456112221] sang29032010: bao bell
[Sun, 14. Jul 2024 12:41:41 UTC | ID 1085820660456112221] sang29032010: bao bell
[Sun, 14. Jul 2024 12:41:59 UTC | ID 1085820660456112221] sang29032010: bao bell
[Sun, 14. Jul 2024 12:42:00 UTC | ID 1085820660456112221] sang29032010: bao bell
[Sun, 14. Jul 2024 12:42:08 UTC | ID 1085820660456112221] sang29032010: :)))))
